listening 127.0.0.1:7000
connect ('127.0.0.1', 10372)
recv 196 59 02 c4 00 01 00 00 00 70 00 6c 00 61 00 79 00 65 00 72 00 31 00 00 00 20 f1 1a 00 4a 06 00 00 40 a3 4a 00 bf f0 4a b3 01 00 00 00 01 00 00 00 00 00 00 39 38 30 35 30 32 30 38 2d 30 30 30 30 30 30 2d 30 30 30 30 30 31 2d 73 61 6e 67 75 6f 3a 30 30 30 30 30 31 00 20 20 30 20 20 d2 f4 c0 d6 cf b5 cd b3 20 b3 f5 37 46 5f 31 30 30 30 30 32 36 00 00 00 00 00 37 00 46 00 5f 00 31 00 30 00 30 00 30 00 30 00 32 00 36 00 00 00 37 00 00 00 00 00 00 00 00 00 00 00 00 00 00 00 00 00 00 00 00 00 00 00 00 00 00 00 00 00 00 00 00 00 00 00 00 00 00 00 00 00 00 00 00 00 01 00 00 00 00 00 00 00 02
send 16 2d 01 10 00 c1 34 51 6a 01 00 00 00 7f 00 00 01
send 56 3a 01 38 00 01 00 00 00 00 00 00 00 01 00 00 00 c1 34 51 6a 00 00 00 00 00 00 00 00 00 00 00 00 00 00 00 00 00 00 00 00 00 00 00 00 00 00 00 00 00 00 00 00 00 00 00 00
send 16 33 01 10 00 01 00 00 00 14 01 0f 00 00 00 00 00
send 64 41 01 40 00 01 00 00 00 01 01 01 01 00 00 00 00 00 00 00 00 00 00 00 00 00 00 00 00 00 00 00 00 00 00 00 00 00 00 00 00 00 00 00 00 00 00 00 00 00 00 00 00 00 00 00 00 00 00 00 00 00 00 00 00
recv 273 6f 02 11 01 7f 00 00 01 00 00 00 00 00 00 00 00 00 00 00 00 00 00 00 00 00 00 00 00 00 00 00 00 00 00 00 00 00 00 00 00 00 00 00 00 00 00 00 00 00 00 00 00 00 00 00 00 00 00 00 00 00 00 00 00 00 00 00 00 00 00 00 00 00 00 00 00 00 00 00 00 00 00 00 00 00 00 00 00 00 00 00 00 00 00 00 00 00 00 00 00 00 00 00 00 00 00 00 00 00 00 00 00 00 00 00 00 00 00 00 00 00 00 00 00 00 00 00 00 00 00 00 00 00 00 00 00 00 00 00 00 00 00 00 00 00 00 00 00 00 00 00 00 00 00 00 00 00 00 00 00 00 00 00 00 00 00 00 00 00 00 00 00 00 00 00 00 00 00 00 00 00 00 00 00 00 00 00 00 00 00 00 00 00 00 00 00 00 00 00 00 00 00 00 00 00 00 00 00 00 00 00 00 00 00 00 00 00 00 00 00 00 00 00 00 00 00 00 00 00 00 00 00 00 00 00 00 00 00 00 00 00 00 00 00 00 00 00 00 00 00 00 00 00 00 00 00 00 00 00 00 00 00 00 00 00 00 00 00 00 00 00 00 00
recv 14 5d 02 08 00 29 5e b1 03 61 02 06 00 1e 64
send 7 6b 00 07 00 00 01 00
recv 5 08 00 05 00 01
recv 6 61 02 06 00 28 64
recv 6 61 02 06 00 3c 64
recv 6 61 02 06 00 50 64
recv 6 61 02 06 00 5a 64
recv 6 61 02 06 00 64 64
recv 4 5f 02 04 00
send 4 46 01 04 00
send 9 38 01 09 00 00 00 00 00 03
send 9 38 01 09 00 01 00 00 00 02
recv 9 6a 02 09 00 00 00 00 00 01
recv 17 6a 02 09 00 00 00 00 00 02 5d 02 08 00 1a 63 b1 03
recv 8 5d 02 08 00 02 67 b1 03
send 7 6b 00 07 00 00 01 00
send 9 38 01 09 00 02 00 00 00 02
recv 5 08 00 05 00 01
recv 8 5d 02 08 00 ea 6a b1 03
send 7 6b 00 07 00 00 01 00
send 9 38 01 09 00 03 00 00 00 02
recv 5 08 00 05 00 01
recv 8 5d 02 08 00 d2 6e b1 03
send 7 6b 00 07 00 00 01 00
send 9 38 01 09 00 04 00 00 00 02
recv 5 08 00 05 00 01
recv 8 5d 02 08 00 ba 72 b1 03
send 7 6b 00 07 00 00 01 00
send 9 38 01 09 00 05 00 00 00 02
recv 5 08 00 05 00 01
recv 8 5d 02 08 00 a2 76 b1 03
send 7 6b 00 07 00 00 01 00
send 9 38 01 09 00 06 00 00 00 02
recv 5 08 00 05 00 01
recv 8 5d 02 08 00 8a 7a b1 03
send 7 6b 00 07 00 00 01 00
send 9 38 01 09 00 07 00 00 00 02
recv 5 08 00 05 00 01
recv 8 5d 02 08 00 72 7e b1 03
send 7 6b 00 07 00 00 01 00
send 9 38 01 09 00 08 00 00 00 02
recv 5 08 00 05 00 01
recv 8 5d 02 08 00 5a 82 b1 03
send 7 6b 00 07 00 00 01 00
send 9 38 01 09 00 09 00 00 00 02
recv 5 08 00 05 00 01
recv 8 5d 02 08 00 42 86 b1 03
send 7 6b 00 07 00 00 01 00
send 9 38 01 09 00 0a 00 00 00 02
recv 5 08 00 05 00 01
recv 8 5d 02 08 00 2a 8a b1 03
send 7 6b 00 07 00 00 01 00
send 9 38 01 09 00 0b 00 00 00 02
recv 5 08 00 05 00 01
recv 8 5d 02 08 00 12 8e b1 03
send 7 6b 00 07 00 00 01 00
send 9 38 01 09 00 0c 00 00 00 02
recv 5 08 00 05 00 01
recv 8 5d 02 08 00 fa 91 b1 03
send 7 6b 00 07 00 00 01 00
send 9 38 01 09 00 0d 00 00 00 02
recv 5 08 00 05 00 01
recv 8 5d 02 08 00 e2 95 b1 03
send 7 6b 00 07 00 00 01 00
send 9 38 01 09 00 0e 00 00 00 02
recv 5 08 00 05 00 01
recv 8 5d 02 08 00 ca 99 b1 03
send 7 6b 00 07 00 00 01 00
send 9 38 01 09 00 0f 00 00 00 02
recv 5 08 00 05 00 01
recv 8 5d 02 08 00 b2 9d b1 03
send 7 6b 00 07 00 00 01 00
send 9 38 01 09 00 10 00 00 00 02
recv 5 08 00 05 00 01
recv 8 5d 02 08 00 9a a1 b1 03
send 7 6b 00 07 00 00 01 00
send 9 38 01 09 00 11 00 00 00 02
recv 5 08 00 05 00 01
recv 8 5d 02 08 00 82 a5 b1 03
send 7 6b 00 07 00 00 01 00
send 9 38 01 09 00 12 00 00 00 02
recv 5 08 00 05 00 01
recv 8 5d 02 08 00 6a a9 b1 03
send 7 6b 00 07 00 00 01 00
send 9 38 01 09 00 13 00 00 00 02
recv 5 08 00 05 00 01
recv 8 5d 02 08 00 52 ad b1 03
send 7 6b 00 07 00 00 01 00
send 9 38 01 09 00 14 00 00 00 02
recv 5 08 00 05 00 01
recv 8 5d 02 08 00 3a b1 b1 03
send 7 6b 00 07 00 00 01 00
send 9 38 01 09 00 15 00 00 00 02
recv 5 08 00 05 00 01
recv 8 5d 02 08 00 22 b5 b1 03
send 7 6b 00 07 00 00 01 00
send 9 38 01 09 00 16 00 00 00 02
recv 5 08 00 05 00 01
recv 8 5d 02 08 00 0a b9 b1 03
send 7 6b 00 07 00 00 01 00
send 9 38 01 09 00 17 00 00 00 02
recv 5 08 00 05 00 01
recv 8 5d 02 08 00 f2 bc b1 03
send 7 6b 00 07 00 00 01 00
send 9 38 01 09 00 18 00 00 00 02
recv 5 08 00 05 00 01
recv 8 5d 02 08 00 da c0 b1 03
send 7 6b 00 07 00 00 01 00
send 9 38 01 09 00 19 00 00 00 02
recv 5 08 00 05 00 01
recv 8 5d 02 08 00 0e c8 b1 03
send 7 6b 00 07 00 00 01 00
send 9 38 01 09 00 1a 00 00 00 02
recv 5 08 00 05 00 01
recv 8 5d 02 08 00 f6 cb b1 03
send 7 6b 00 07 00 00 01 00
send 9 38 01 09 00 1b 00 00 00 02
recv 5 08 00 05 00 01
recv 8 5d 02 08 00 de cf b1 03
send 7 6b 00 07 00 00 01 00
send 9 38 01 09 00 1c 00 00 00 02
recv 5 08 00 05 00 01
recv 8 5d 02 08 00 c6 d3 b1 03
send 7 6b 00 07 00 00 01 00
send 9 38 01 09 00 1d 00 00 00 02
recv 5 08 00 05 00 01
recv 8 5d 02 08 00 ae d7 b1 03
send 7 6b 00 07 00 00 01 00
send 9 38 01 09 00 1e 00 00 00 02
recv 5 08 00 05 00 01
recv 8 5d 02 08 00 5b dd b1 03
send 7 6b 00 07 00 00 01 00
send 9 38 01 09 00 1f 00 00 00 02
recv 5 08 00 05 00 01
recv 8 5d 02 08 00 43 e1 b1 03
send 7 6b 00 07 00 00 01 00
send 9 38 01 09 00 20 00 00 00 02
recv 5 08 00 05 00 01
recv 8 5d 02 08 00 2b e5 b1 03
send 7 6b 00 07 00 00 01 00
send 9 38 01 09 00 21 00 00 00 02
recv 5 08 00 05 00 01
recv 8 5d 02 08 00 13 e9 b1 03
send 7 6b 00 07 00 00 01 00
send 9 38 01 09 00 22 00 00 00 02
recv 5 08 00 05 00 01
recv 8 5d 02 08 00 fb ec b1 03
send 7 6b 00 07 00 00 01 00
send 9 38 01 09 00 23 00 00 00 02
recv 5 08 00 05 00 01
recv 8 5d 02 08 00 e3 f0 b1 03
send 7 6b 00 07 00 00 01 00
send 9 38 01 09 00 24 00 00 00 02
recv 5 08 00 05 00 01
recv 8 5d 02 08 00 cb f4 b1 03
send 7 6b 00 07 00 00 01 00
send 9 38 01 09 00 25 00 00 00 02
recv 5 08 00 05 00 01
recv 8 5d 02 08 00 b3 f8 b1 03
send 7 6b 00 07 00 00 01 00
send 9 38 01 09 00 26 00 00 00 02
recv 5 08 00 05 00 01
recv 8 5d 02 08 00 9b fc b1 03
send 7 6b 00 07 00 00 01 00
send 9 38 01 09 00 27 00 00 00 02
recv 5 08 00 05 00 01
